<?xml version="1.0" encoding="UTF-8"?>
<testng-results skipped="0" failed="2" ignored="0" total="10" passed="8">
  <reporter-output>
  </reporter-output>
  <suite name="Default suite" duration-ms="416966" started-at="2018-01-23T00:17:40Z" finished-at="2018-01-23T00:24:36Z">
    <groups>
    </groups>
    <test name="Default test" duration-ms="416966" started-at="2018-01-23T00:17:40Z" finished-at="2018-01-23T00:24:36Z">
      <class name="TestNG.TestAnalyticsNameInJson">
        <test-method status="FAIL" signature="AnalyticsNameCheck0001()[pri:0, instance:TestNG.TestAnalyticsNameInJson@51e2adc7]" name="AnalyticsNameCheck0001" duration-ms="81" started-at="2018-01-23T01:17:40Z" finished-at="2018-01-23T01:17:40Z">
          <exception class="java.lang.AssertionError">
            <message>
              <![CDATA[The following asserts failed:expected [true] but found [false],expected [true] but found [false],expected [true] but found [false],expected [true] but found [false]]]>
            </message>
            <full-stacktrace>
              <![CDATA[java.lang.AssertionError: The following asserts failed:expected [true] but found [false],expected [true] but found [false],expected [true] but found [false],expected [true] but found [false]at org.testng.asserts.SoftAssert.assertAll(SoftAssert.java:43)at TestNG.TestAnalyticsNameInJson.AnalyticsNameCheck0001(TestAnalyticsNameInJson.java:81)at sun.reflect.NativeMethodAccessorImpl.invoke0(Native Method)at sun.reflect.NativeMethodAccessorImpl.invoke(NativeMethodAccessorImpl.java:62)at sun.reflect.DelegatingMethodAccessorImpl.invoke(DelegatingMethodAccessorImpl.java:43)at java.lang.reflect.Method.invoke(Method.java:498)at org.testng.internal.MethodInvocationHelper.invokeMethod(MethodInvocationHelper.java:124)at org.testng.internal.Invoker.invokeMethod(Invoker.java:571)at org.testng.internal.Invoker.invokeTestMethod(Invoker.java:707)at org.testng.internal.Invoker.invokeTestMethods(Invoker.java:979)at org.testng.internal.TestMethodWorker.invokeTestMethods(TestMethodWorker.java:125)at org.testng.internal.TestMethodWorker.run(TestMethodWorker.java:109)at org.testng.TestRunner.privateRun(TestRunner.java:648)at org.testng.TestRunner.run(TestRunner.java:505)at org.testng.SuiteRunner.runTest(SuiteRunner.java:455)at org.testng.SuiteRunner.runSequentially(SuiteRunner.java:450)at org.testng.SuiteRunner.privateRun(SuiteRunner.java:415)at org.testng.SuiteRunner.run(SuiteRunner.java:364)at org.testng.SuiteRunnerWorker.runSuite(SuiteRunnerWorker.java:52)at org.testng.SuiteRunnerWorker.run(SuiteRunnerWorker.java:84)at org.testng.TestNG.runSuitesSequentially(TestNG.java:1187)at org.testng.TestNG.runSuitesLocally(TestNG.java:1116)at org.testng.TestNG.runSuites(TestNG.java:1028)at org.testng.TestNG.run(TestNG.java:996)at org.testng.remote.AbstractRemoteTestNG.run(AbstractRemoteTestNG.java:114)at org.testng.remote.RemoteTestNG.initAndRun(RemoteTestNG.java:251)at org.testng.remote.RemoteTestNG.main(RemoteTestNG.java:77)]]>
            </full-stacktrace>
          </exception> <!-- java.lang.AssertionError -->
          <reporter-output>
          </reporter-output>
        </test-method> <!-- AnalyticsNameCheck0001 -->
      </class> <!-- TestNG.TestAnalyticsNameInJson -->
      <class name="TestNG.JSONParserCMSResponse">
        <test-method status="FAIL" signature="executeJSONFromRESTAPI()[pri:0, instance:TestNG.JSONParserCMSResponse@631330c]" name="executeJSONFromRESTAPI" duration-ms="101082" started-at="2018-01-23T01:17:40Z" finished-at="2018-01-23T01:19:21Z">
          <exception class="java.lang.AssertionError">
            <message>
              <![CDATA[The following asserts failed:expected [1] but found [0]]]>
            </message>
            <full-stacktrace>
              <![CDATA[java.lang.AssertionError: The following asserts failed:expected [1] but found [0]at org.testng.asserts.SoftAssert.assertAll(SoftAssert.java:43)at com.adidas.automation.RestAPICall.callRestfulAPI(RestAPICall.java:127)at TestNG.JSONParserCMSResponse.executeJSONFromRESTAPI(JSONParserCMSResponse.java:56)at sun.reflect.NativeMethodAccessorImpl.invoke0(Native Method)at sun.reflect.NativeMethodAccessorImpl.invoke(NativeMethodAccessorImpl.java:62)at sun.reflect.DelegatingMethodAccessorImpl.invoke(DelegatingMethodAccessorImpl.java:43)at java.lang.reflect.Method.invoke(Method.java:498)at org.testng.internal.MethodInvocationHelper.invokeMethod(MethodInvocationHelper.java:124)at org.testng.internal.Invoker.invokeMethod(Invoker.java:571)at org.testng.internal.Invoker.invokeTestMethod(Invoker.java:707)at org.testng.internal.Invoker.invokeTestMethods(Invoker.java:979)at org.testng.internal.TestMethodWorker.invokeTestMethods(TestMethodWorker.java:125)at org.testng.internal.TestMethodWorker.run(TestMethodWorker.java:109)at org.testng.TestRunner.privateRun(TestRunner.java:648)at org.testng.TestRunner.run(TestRunner.java:505)at org.testng.SuiteRunner.runTest(SuiteRunner.java:455)at org.testng.SuiteRunner.runSequentially(SuiteRunner.java:450)at org.testng.SuiteRunner.privateRun(SuiteRunner.java:415)at org.testng.SuiteRunner.run(SuiteRunner.java:364)at org.testng.SuiteRunnerWorker.runSuite(SuiteRunnerWorker.java:52)at org.testng.SuiteRunnerWorker.run(SuiteRunnerWorker.java:84)at org.testng.TestNG.runSuitesSequentially(TestNG.java:1187)at org.testng.TestNG.runSuitesLocally(TestNG.java:1116)at org.testng.TestNG.runSuites(TestNG.java:1028)at org.testng.TestNG.run(TestNG.java:996)at org.testng.remote.AbstractRemoteTestNG.run(AbstractRemoteTestNG.java:114)at org.testng.remote.RemoteTestNG.initAndRun(RemoteTestNG.java:251)at org.testng.remote.RemoteTestNG.main(RemoteTestNG.java:77)]]>
            </full-stacktrace>
          </exception> <!-- java.lang.AssertionError -->
          <reporter-output>
          </reporter-output>
        </test-method> <!-- executeJSONFromRESTAPI -->
      </class> <!-- TestNG.JSONParserCMSResponse -->
      <class name="TestNG.TestImageLoadingResponse">
        <test-method status="PASS" signature="ImageRespponseCode0001()[pri:0, instance:TestNG.TestImageLoadingResponse@42f93a98]" name="ImageRespponseCode0001" duration-ms="62724" started-at="2018-01-23T01:19:21Z" finished-at="2018-01-23T01:20:23Z">
          <reporter-output>
          </reporter-output>
        </test-method> <!-- ImageRespponseCode0001 -->
      </class> <!-- TestNG.TestImageLoadingResponse -->
      <class name="TestNG.FirefoxTestUIAdidasHomePage">
        <test-method status="PASS" signature="FirefoxTestUIAdidas0001()[pri:0, instance:TestNG.FirefoxTestUIAdidasHomePage@c46bcd4]" name="FirefoxTestUIAdidas0001" duration-ms="25238" started-at="2018-01-23T01:20:23Z" finished-at="2018-01-23T01:20:49Z">
          <reporter-output>
          </reporter-output>
        </test-method> <!-- FirefoxTestUIAdidas0001 -->
        <test-method status="PASS" signature="FirefoxTestUIAdidas0002()[pri:0, instance:TestNG.FirefoxTestUIAdidasHomePage@c46bcd4]" name="FirefoxTestUIAdidas0002" duration-ms="43671" started-at="2018-01-23T01:20:49Z" finished-at="2018-01-23T01:21:32Z">
          <reporter-output>
          </reporter-output>
        </test-method> <!-- FirefoxTestUIAdidas0002 -->
        <test-method status="PASS" signature="FirefoxTestUIAdidas0003()[pri:0, instance:TestNG.FirefoxTestUIAdidasHomePage@c46bcd4]" name="FirefoxTestUIAdidas0003" duration-ms="55531" started-at="2018-01-23T01:21:32Z" finished-at="2018-01-23T01:22:28Z">
          <reporter-output>
          </reporter-output>
        </test-method> <!-- FirefoxTestUIAdidas0003 -->
      </class> <!-- TestNG.FirefoxTestUIAdidasHomePage -->
      <class name="TestNG.ChromeTestUIAdidasHomePage">
        <test-method status="PASS" signature="ChromeTestUIAdidas0001()[pri:0, instance:TestNG.ChromeTestUIAdidasHomePage@3234e239]" name="ChromeTestUIAdidas0001" duration-ms="30088" started-at="2018-01-23T01:22:28Z" finished-at="2018-01-23T01:22:58Z">
          <reporter-output>
          </reporter-output>
        </test-method> <!-- ChromeTestUIAdidas0001 -->
        <test-method status="PASS" signature="ChromeTestUIAdidas0002()[pri:0, instance:TestNG.ChromeTestUIAdidasHomePage@3234e239]" name="ChromeTestUIAdidas0002" duration-ms="43415" started-at="2018-01-23T01:22:58Z" finished-at="2018-01-23T01:23:41Z">
          <reporter-output>
          </reporter-output>
        </test-method> <!-- ChromeTestUIAdidas0002 -->
        <test-method status="PASS" signature="ChromeTestUIAdidas0003()[pri:0, instance:TestNG.ChromeTestUIAdidasHomePage@3234e239]" name="ChromeTestUIAdidas0003" duration-ms="55080" started-at="2018-01-23T01:23:41Z" finished-at="2018-01-23T01:24:36Z">
          <reporter-output>
          </reporter-output>
        </test-method> <!-- ChromeTestUIAdidas0003 -->
      </class> <!-- TestNG.ChromeTestUIAdidasHomePage -->
      <class name="TestNG.JsonsNEST">
        <test-method status="PASS" signature="executeTest1()[pri:0, instance:TestNG.JsonsNEST@3d921e20]" name="executeTest1" duration-ms="6" started-at="2018-01-23T01:24:36Z" finished-at="2018-01-23T01:24:36Z">
          <reporter-output>
          </reporter-output>
        </test-method> <!-- executeTest1 -->
      </class> <!-- TestNG.JsonsNEST -->
    </test> <!-- Default test -->
  </suite> <!-- Default suite -->
</testng-results>
